c:\users\jhk\source\repos\pushpush\pushpush\x64\debug\vc143.pdb
c:\users\jhk\source\repos\pushpush\pushpush\x64\debug\vc143.idb
c:\users\jhk\source\repos\pushpush\pushpush\x64\debug\titlescene.obj
c:\users\jhk\source\repos\pushpush\pushpush\x64\debug\stage.obj
c:\users\jhk\source\repos\pushpush\pushpush\x64\debug\scene.obj
c:\users\jhk\source\repos\pushpush\pushpush\x64\debug\player.obj
c:\users\jhk\source\repos\pushpush\pushpush\x64\debug\playscene.obj
c:\users\jhk\source\repos\pushpush\pushpush\x64\debug\map.obj
c:\users\jhk\source\repos\pushpush\pushpush\x64\debug\ball.obj
c:\users\jhk\source\repos\pushpush\pushpush\x64\debug\application.obj
c:\users\jhk\source\repos\pushpush\pushpush\x64\debug\main.obj
c:\users\jhk\source\repos\pushpush\pushpush\x64\debug\gameobject.obj
c:\users\jhk\source\repos\pushpush\pushpush\x64\debug\house.obj
c:\users\jhk\source\repos\pushpush\x64\debug\pushpush.exe
c:\users\jhk\source\repos\pushpush\pushpush\x64\debug\pushpush.ilk
c:\users\jhk\source\repos\pushpush\x64\debug\pushpush.pdb
c:\users\jhk\source\repos\pushpush\pushpush\x64\debug\yavector.obj
c:\users\jhk\source\repos\pushpush\pushpush\x64\debug\pushpush.tlog\cl.command.1.tlog
c:\users\jhk\source\repos\pushpush\pushpush\x64\debug\pushpush.tlog\cl.read.1.tlog
c:\users\jhk\source\repos\pushpush\pushpush\x64\debug\pushpush.tlog\cl.write.1.tlog
c:\users\jhk\source\repos\pushpush\pushpush\x64\debug\pushpush.tlog\link.command.1.tlog
c:\users\jhk\source\repos\pushpush\pushpush\x64\debug\pushpush.tlog\link.read.1.tlog
c:\users\jhk\source\repos\pushpush\pushpush\x64\debug\pushpush.tlog\link.write.1.tlog
